TN:
SF:/home/alex/Documents/ESIEE/E3/Algo/Algorithme-ProgrammationS3/TP3/utr_eapi_lib/src/random.c
FN:36,38,random_init
FN:44,47,random_double
FN:49,52,random_float
FN:54,57,random_size_t
FN:59,62,random_int
FN:64,67,random_char
FN:73,75,random_init_string
FNDA:0,random_init
FNDA:0,random_double
FNDA:0,random_float
FNDA:0,random_size_t
FNDA:0,random_int
FNDA:0,random_char
FNDA:0,random_init_string
FNF:7
FNH:0
DA:36,0
DA:38,0
DA:44,0
DA:46,0
DA:49,0
DA:51,0
DA:54,0
DA:56,0
DA:59,0
DA:61,0
DA:64,0
DA:66,0
DA:73,0
DA:75,0
LF:14
LH:0
end_of_record
TN:
SF:/home/alex/Documents/ESIEE/E3/Algo/Algorithme-ProgrammationS3/TP3/utr_eapi_lib/src/test_unit.c
FN:27,40,test_vector_alloc_free
FN:43,51,test_vector_set_get
FN:53,70,test_vector_insert_erase
FN:73,92,test_vector_empty
FN:95,112,main
FNDA:1,test_vector_alloc_free
FNDA:1,test_vector_set_get
FNDA:1,test_vector_insert_erase
FNDA:1,test_vector_empty
FNDA:1,main
FNF:5
FNH:5
DA:27,1
DA:28,1
DA:29,1
DA:30,1
DA:31,1
DA:32,6
DA:33,5
DA:36,1
DA:37,1
DA:39,1
DA:43,1
DA:44,1
DA:45,1
DA:46,1
DA:48,1
DA:49,1
DA:50,1
DA:53,1
DA:54,1
DA:55,1
DA:57,1
DA:58,1
DA:59,1
DA:61,1
DA:62,1
DA:63,1
DA:65,1
DA:66,1
DA:67,1
DA:69,1
DA:73,1
DA:74,1
DA:75,1
DA:77,1
DA:79,1
DA:80,1
DA:82,1
DA:83,1
DA:85,1
DA:86,1
DA:87,1
DA:89,1
DA:91,1
DA:95,1
DA:96,1
DA:98,1
DA:100,1
DA:101,1
DA:102,1
DA:103,1
DA:105,1
DA:106,1
DA:108,0
DA:111,1
LF:54
LH:53
end_of_record
TN:
SF:/home/alex/Documents/ESIEE/E3/Algo/Algorithme-ProgrammationS3/TP3/utr_eapi_lib/src/vector.c
FN:116,137,vector_erase
FN:140,156,vector_push_back
FN:159,181,vector_pop_back
FN:184,193,vector_clear
FN:196,207,vector_empty
FN:21,33,vector_alloc
FN:210,217,vector_size
FN:36,46,vector_free
FN:53,65,vector_set
FN:68,79,vector_get
FN:87,113,vector_insert
FNDA:1,vector_erase
FNDA:2,vector_push_back
FNDA:1,vector_pop_back
FNDA:1,vector_clear
FNDA:3,vector_empty
FNDA:4,vector_alloc
FNDA:1,vector_size
FNDA:2,vector_free
FNDA:2,vector_set
FNDA:2,vector_get
FNDA:1,vector_insert
FNF:11
FNH:11
DA:21,4
DA:22,4
DA:23,4
DA:24,0
DA:26,4
DA:27,4
DA:28,4
DA:29,0
DA:30,0
DA:32,4
DA:36,2
DA:37,2
DA:39,0
DA:42,2
DA:43,2
DA:44,2
DA:45,2
DA:53,2
DA:54,2
DA:56,0
DA:58,2
DA:60,0
DA:63,2
DA:64,2
DA:68,2
DA:69,2
DA:71,0
DA:74,2
DA:75,0
DA:77,2
DA:78,2
DA:87,1
DA:88,1
DA:90,0
DA:92,1
DA:94,0
DA:97,1
DA:99,1
DA:101,0
DA:104,1
DA:106,1
DA:108,0
DA:110,1
DA:111,1
DA:112,1
DA:116,1
DA:117,1
DA:119,0
DA:122,1
DA:124,0
DA:126,1
DA:128,0
DA:131,2
DA:133,1
DA:135,1
DA:136,1
DA:140,2
DA:141,2
DA:143,0
DA:146,2
DA:147,2
DA:149,0
DA:152,2
DA:153,2
DA:154,2
DA:155,2
DA:159,1
DA:160,1
DA:162,0
DA:164,1
DA:166,0
DA:169,1
DA:170,1
DA:171,1
DA:172,0
DA:174,1
DA:176,0
DA:177,0
DA:179,1
DA:180,1
DA:184,1
DA:185,1
DA:187,0
DA:189,1
DA:190,1
DA:191,1
DA:192,1
DA:196,3
DA:197,3
DA:199,0
DA:202,3
DA:204,1
DA:206,2
DA:210,1
DA:211,1
DA:213,0
DA:215,1
DA:216,1
LF:98
LH:73
end_of_record
